TN:
SF:E:\PracticeMakesPerfect\expressMongo\index.js
FN:49,(anonymous_1)
FN:59,(anonymous_2)
FNF:2
FNH:1
FNDA:0,(anonymous_1)
FNDA:1,(anonymous_2)
DA:1,1
DA:2,1
DA:3,1
DA:4,1
DA:5,1
DA:6,1
DA:7,1
DA:8,1
DA:9,1
DA:10,1
DA:12,1
DA:13,1
DA:15,1
DA:17,1
DA:20,1
DA:22,1
DA:35,1
DA:37,1
DA:43,1
DA:49,1
DA:50,0
DA:51,0
DA:52,0
DA:53,0
DA:56,1
DA:59,1
DA:60,1
LF:27
LH:23
BRF:0
BRH:0
end_of_record
TN:
SF:E:\PracticeMakesPerfect\expressMongo\config\default.js
FNF:0
FNH:0
DA:1,1
LF:1
LH:1
BRF:0
BRH:0
end_of_record
TN:
SF:E:\PracticeMakesPerfect\expressMongo\routes\indexRoute.js
FN:1,(anonymous_1)
FN:2,(anonymous_2)
FNF:2
FNH:1
FNDA:1,(anonymous_1)
FNDA:0,(anonymous_2)
DA:1,1
DA:2,1
DA:3,0
DA:5,1
DA:6,1
DA:7,1
DA:8,1
LF:7
LH:6
BRF:0
BRH:0
end_of_record
TN:
SF:E:\PracticeMakesPerfect\expressMongo\routes\signupRoute.js
FN:9,(anonymous_1)
FN:14,(anonymous_2)
FNF:2
FNH:0
FNDA:0,(anonymous_1)
FNDA:0,(anonymous_2)
DA:1,1
DA:2,1
DA:3,1
DA:4,1
DA:5,1
DA:6,1
DA:9,1
DA:10,0
DA:14,1
DA:15,0
DA:16,0
DA:17,0
DA:18,0
DA:19,0
DA:20,0
DA:23,0
DA:24,0
DA:25,0
DA:27,0
DA:28,0
DA:30,0
DA:31,0
DA:33,0
DA:34,0
DA:36,0
DA:37,0
DA:39,0
DA:40,0
DA:44,0
DA:45,0
DA:46,0
DA:50,0
DA:53,0
DA:60,0
DA:63,1
LF:35
LH:9
BRDA:24,1,0,0
BRDA:24,1,1,0
BRDA:24,2,0,0
BRDA:24,2,1,0
BRDA:27,3,0,0
BRDA:27,3,1,0
BRDA:30,4,0,0
BRDA:30,4,1,0
BRDA:30,5,0,0
BRDA:30,5,1,0
BRDA:33,6,0,0
BRDA:33,6,1,0
BRDA:36,7,0,0
BRDA:36,7,1,0
BRDA:39,8,0,0
BRDA:39,8,1,0
BRF:16
BRH:0
end_of_record
TN:
SF:E:\PracticeMakesPerfect\expressMongo\controllers\usersCtrl.js
FN:7,(anonymous_1)
FN:8,(anonymous_2)
FN:30,(anonymous_3)
FN:34,(anonymous_4)
FNF:4
FNH:0
FNDA:0,(anonymous_1)
FNDA:0,(anonymous_2)
FNDA:0,(anonymous_3)
FNDA:0,(anonymous_4)
DA:1,1
DA:2,1
DA:3,1
DA:4,1
DA:5,1
DA:7,1
DA:8,0
DA:9,0
DA:10,0
DA:12,0
DA:13,0
DA:14,0
DA:17,0
DA:18,0
DA:19,0
DA:21,0
DA:23,0
DA:24,0
DA:26,0
DA:30,1
DA:32,0
DA:34,0
DA:35,0
DA:37,0
DA:40,0
DA:41,0
DA:43,0
DA:45,0
DA:46,0
DA:48,0
DA:50,0
LF:31
LH:7
BRDA:9,1,0,0
BRDA:9,1,1,0
BRDA:12,2,0,0
BRDA:12,2,1,0
BRDA:17,3,0,0
BRDA:17,3,1,0
BRDA:35,4,0,0
BRDA:35,4,1,0
BRF:8
BRH:0
end_of_record
TN:
SF:E:\PracticeMakesPerfect\expressMongo\models\usersModel.js
FNF:0
FNH:0
DA:1,1
DA:2,1
DA:5,1
DA:7,1
LF:4
LH:4
BRF:0
BRH:0
end_of_record
TN:
SF:E:\PracticeMakesPerfect\expressMongo\schemas\usersSchema.js
FN:11,(anonymous_1)
FN:17,(anonymous_2)
FNF:2
FNH:0
FNDA:0,(anonymous_1)
FNDA:0,(anonymous_2)
DA:1,1
DA:3,1
DA:11,1
DA:12,0
DA:13,0
DA:16,1
DA:18,0
DA:22,1
LF:8
LH:5
BRF:0
BRH:0
end_of_record
TN:
SF:E:\PracticeMakesPerfect\expressMongo\middlewares\check.js
FN:2,checkLogin
FN:10,checkNotLogin
FNF:2
FNH:0
FNDA:0,checkLogin
FNDA:0,checkNotLogin
DA:1,1
DA:3,0
DA:4,0
DA:5,0
DA:7,0
DA:11,0
DA:12,0
DA:13,0
DA:15,0
LF:9
LH:1
BRDA:3,1,0,0
BRDA:3,1,1,0
BRDA:11,2,0,0
BRDA:11,2,1,0
BRF:4
BRH:0
end_of_record
TN:
SF:E:\PracticeMakesPerfect\expressMongo\routes\signinRoute.js
FN:7,(anonymous_1)
FN:12,(anonymous_2)
FNF:2
FNH:0
FNDA:0,(anonymous_1)
FNDA:0,(anonymous_2)
DA:1,1
DA:2,1
DA:3,1
DA:4,1
DA:7,1
DA:8,0
DA:12,1
DA:13,0
DA:14,0
DA:15,0
DA:18,1
LF:11
LH:7
BRF:0
BRH:0
end_of_record
TN:
SF:E:\PracticeMakesPerfect\expressMongo\routes\signoutRoute.js
FN:7,(anonymous_1)
FNF:1
FNH:0
FNDA:0,(anonymous_1)
DA:1,1
DA:2,1
DA:4,1
DA:7,1
DA:9,0
DA:10,0
DA:12,0
DA:15,1
LF:8
LH:5
BRF:0
BRH:0
end_of_record
TN:
SF:E:\PracticeMakesPerfect\expressMongo\routes\articleRoute.js
FN:8,(anonymous_1)
FN:11,(anonymous_2)
FN:20,(anonymous_3)
FN:49,(anonymous_4)
FN:54,(anonymous_5)
FN:60,(anonymous_6)
FN:74,(anonymous_7)
FN:79,(anonymous_8)
FN:94,(anonymous_9)
FN:101,(anonymous_10)
FN:110,(anonymous_11)
FN:114,(anonymous_12)
FN:123,(anonymous_13)
FN:128,(anonymous_14)
FNF:14
FNH:0
FNDA:0,(anonymous_1)
FNDA:0,(anonymous_2)
FNDA:0,(anonymous_3)
FNDA:0,(anonymous_4)
FNDA:0,(anonymous_5)
FNDA:0,(anonymous_6)
FNDA:0,(anonymous_7)
FNDA:0,(anonymous_8)
FNDA:0,(anonymous_9)
FNDA:0,(anonymous_10)
FNDA:0,(anonymous_11)
FNDA:0,(anonymous_12)
FNDA:0,(anonymous_13)
FNDA:0,(anonymous_14)
DA:1,1
DA:2,1
DA:3,1
DA:4,1
DA:8,1
DA:9,0
DA:10,0
DA:12,0
DA:20,1
DA:21,0
DA:22,0
DA:23,0
DA:26,0
DA:27,0
DA:28,0
DA:30,0
DA:31,0
DA:34,0
DA:35,0
DA:38,0
DA:44,0
DA:49,1
DA:50,0
DA:54,1
DA:55,0
DA:56,0
DA:61,0
DA:62,0
DA:63,0
DA:66,0
DA:74,1
DA:75,0
DA:76,0
DA:78,0
DA:80,0
DA:81,0
DA:83,0
DA:84,0
DA:86,0
DA:94,1
DA:95,0
DA:96,0
DA:97,0
DA:98,0
DA:100,0
DA:102,0
DA:104,0
DA:110,1
DA:111,0
DA:112,0
DA:113,0
DA:115,0
DA:117,0
DA:123,1
DA:124,0
DA:128,1
DA:129,0
DA:132,1
LF:58
LH:14
BRDA:27,1,0,0
BRDA:27,1,1,0
BRDA:30,2,0,0
BRDA:30,2,1,0
BRDA:62,3,0,0
BRDA:62,3,1,0
BRDA:80,4,0,0
BRDA:80,4,1,0
BRDA:83,5,0,0
BRDA:83,5,1,0
BRF:10
BRH:0
end_of_record
TN:
SF:E:\PracticeMakesPerfect\expressMongo\controllers\articleCtrl.js
FN:6,(anonymous_1)
FN:8,(anonymous_2)
FN:19,getArticleById
FN:29,getArticles
FN:44,incPv
FN:50,getRawArticleById
FN:58,updateArticleById
FN:63,delArticleById
FNF:8
FNH:0
FNDA:0,(anonymous_1)
FNDA:0,(anonymous_2)
FNDA:0,getArticleById
FNDA:0,getArticles
FNDA:0,incPv
FNDA:0,getRawArticleById
FNDA:0,updateArticleById
FNDA:0,delArticleById
DA:1,1
DA:2,1
DA:4,1
DA:7,0
DA:8,0
DA:9,0
DA:10,0
DA:12,0
DA:14,0
DA:20,0
DA:30,0
DA:31,0
DA:32,0
DA:34,0
DA:45,0
DA:51,0
DA:59,0
DA:64,0
LF:18
LH:3
BRDA:9,1,0,0
BRDA:9,1,1,0
BRDA:31,2,0,0
BRDA:31,2,1,0
BRF:4
BRH:0
end_of_record
TN:
SF:E:\PracticeMakesPerfect\expressMongo\models\articleModel.js
FNF:0
FNH:0
DA:1,1
DA:2,1
DA:5,1
DA:7,1
LF:4
LH:4
BRF:0
BRH:0
end_of_record
TN:
SF:E:\PracticeMakesPerfect\expressMongo\schemas\articleSchema.js
FN:12,(anonymous_1)
FN:15,(anonymous_2)
FN:16,(anonymous_3)
FN:21,(anonymous_4)
FNF:4
FNH:0
FNDA:0,(anonymous_1)
FNDA:0,(anonymous_2)
FNDA:0,(anonymous_3)
FNDA:0,(anonymous_4)
DA:1,1
DA:2,1
DA:4,1
DA:11,1
DA:13,0
DA:16,0
DA:17,0
DA:18,0
DA:22,0
DA:23,0
DA:25,0
DA:29,1
LF:12
LH:5
BRDA:22,1,0,0
BRDA:22,1,1,0
BRF:2
BRH:0
end_of_record
