{"E:\\PracticeMakesPerfect\\expressMongo\\index.js":{"path":"E:\\PracticeMakesPerfect\\expressMongo\\index.js","s":{"1":1,"2":1,"3":1,"4":1,"5":1,"6":1,"7":1,"8":1,"9":1,"10":1,"11":1,"12":1,"13":1,"14":1,"15":1,"16":1,"17":1,"18":1,"19":1,"20":1,"21":0,"22":0,"23":0,"24":0,"25":1,"26":1,"27":1},"b":{},"f":{"1":0,"2":1},"fnMap":{"1":{"name":"(anonymous_1)","line":49,"loc":{"start":{"line":49,"column":8},"end":{"line":49,"column":33}}},"2":{"name":"(anonymous_2)","line":59,"loc":{"start":{"line":59,"column":24},"end":{"line":59,"column":35}}}},"statementMap":{"1":{"start":{"line":1,"column":0},"end":{"line":1,"column":27}},"2":{"start":{"line":2,"column":0},"end":{"line":2,"column":36}},"3":{"start":{"line":3,"column":0},"end":{"line":3,"column":35}},"4":{"start":{"line":4,"column":0},"end":{"line":4,"column":33}},"5":{"start":{"line":5,"column":0},"end":{"line":5,"column":41}},"6":{"start":{"line":6,"column":0},"end":{"line":6,"column":51}},"7":{"start":{"line":7,"column":0},"end":{"line":7,"column":37}},"8":{"start":{"line":8,"column":0},"end":{"line":8,"column":36}},"9":{"start":{"line":9,"column":0},"end":{"line":9,"column":44}},"10":{"start":{"line":10,"column":0},"end":{"line":10,"column":31}},"11":{"start":{"line":12,"column":0},"end":{"line":12,"column":20}},"12":{"start":{"line":13,"column":0},"end":{"line":13,"column":33}},"13":{"start":{"line":15,"column":0},"end":{"line":15,"column":48}},"14":{"start":{"line":17,"column":0},"end":{"line":17,"column":30}},"15":{"start":{"line":20,"column":0},"end":{"line":20,"column":56}},"16":{"start":{"line":22,"column":0},"end":{"line":33,"column":4}},"17":{"start":{"line":35,"column":0},"end":{"line":35,"column":17}},"18":{"start":{"line":37,"column":0},"end":{"line":40,"column":4}},"19":{"start":{"line":43,"column":0},"end":{"line":46,"column":2}},"20":{"start":{"line":49,"column":0},"end":{"line":54,"column":3}},"21":{"start":{"line":50,"column":4},"end":{"line":50,"column":39}},"22":{"start":{"line":51,"column":4},"end":{"line":51,"column":57}},"23":{"start":{"line":52,"column":4},"end":{"line":52,"column":53}},"24":{"start":{"line":53,"column":4},"end":{"line":53,"column":11}},"25":{"start":{"line":56,"column":0},"end":{"line":56,"column":12}},"26":{"start":{"line":59,"column":0},"end":{"line":61,"column":3}},"27":{"start":{"line":60,"column":4},"end":{"line":60,"column":64}}},"branchMap":{}},"E:\\PracticeMakesPerfect\\expressMongo\\config\\default.js":{"path":"E:\\PracticeMakesPerfect\\expressMongo\\config\\default.js","s":{"1":1},"b":{},"f":{},"fnMap":{},"statementMap":{"1":{"start":{"line":1,"column":0},"end":{"line":9,"column":2}}},"branchMap":{}},"E:\\PracticeMakesPerfect\\expressMongo\\routes\\indexRoute.js":{"path":"E:\\PracticeMakesPerfect\\expressMongo\\routes\\indexRoute.js","s":{"1":1,"2":1,"3":0,"4":1,"5":1,"6":1,"7":1},"b":{},"f":{"1":1,"2":0},"fnMap":{"1":{"name":"(anonymous_1)","line":1,"loc":{"start":{"line":1,"column":17},"end":{"line":1,"column":32}}},"2":{"name":"(anonymous_2)","line":2,"loc":{"start":{"line":2,"column":15},"end":{"line":2,"column":35}}}},"statementMap":{"1":{"start":{"line":1,"column":0},"end":{"line":9,"column":2}},"2":{"start":{"line":2,"column":2},"end":{"line":4,"column":5}},"3":{"start":{"line":3,"column":4},"end":{"line":3,"column":30}},"4":{"start":{"line":5,"column":2},"end":{"line":5,"column":47}},"5":{"start":{"line":6,"column":2},"end":{"line":6,"column":47}},"6":{"start":{"line":7,"column":2},"end":{"line":7,"column":49}},"7":{"start":{"line":8,"column":2},"end":{"line":8,"column":50}}},"branchMap":{}},"E:\\PracticeMakesPerfect\\expressMongo\\routes\\signupRoute.js":{"path":"E:\\PracticeMakesPerfect\\expressMongo\\routes\\signupRoute.js","s":{"1":1,"2":1,"3":1,"4":1,"5":1,"6":1,"7":1,"8":0,"9":1,"10":0,"11":0,"12":0,"13":0,"14":0,"15":0,"16":0,"17":0,"18":0,"19":0,"20":0,"21":0,"22":0,"23":0,"24":0,"25":0,"26":0,"27":0,"28":0,"29":0,"30":0,"31":0,"32":0,"33":0,"34":0,"35":1},"b":{"1":[0,0],"2":[0,0],"3":[0,0],"4":[0,0],"5":[0,0],"6":[0,0],"7":[0,0],"8":[0,0]},"f":{"1":0,"2":0},"fnMap":{"1":{"name":"(anonymous_1)","line":9,"loc":{"start":{"line":9,"column":31},"end":{"line":9,"column":56}}},"2":{"name":"(anonymous_2)","line":14,"loc":{"start":{"line":14,"column":32},"end":{"line":14,"column":57}}}},"statementMap":{"1":{"start":{"line":1,"column":0},"end":{"line":1,"column":27}},"2":{"start":{"line":2,"column":0},"end":{"line":2,"column":27}},"3":{"start":{"line":3,"column":0},"end":{"line":3,"column":33}},"4":{"start":{"line":4,"column":0},"end":{"line":4,"column":30}},"5":{"start":{"line":5,"column":0},"end":{"line":5,"column":52}},"6":{"start":{"line":6,"column":0},"end":{"line":6,"column":66}},"7":{"start":{"line":9,"column":0},"end":{"line":11,"column":3}},"8":{"start":{"line":10,"column":4},"end":{"line":10,"column":25}},"9":{"start":{"line":14,"column":0},"end":{"line":61,"column":3}},"10":{"start":{"line":15,"column":4},"end":{"line":15,"column":31}},"11":{"start":{"line":16,"column":4},"end":{"line":16,"column":35}},"12":{"start":{"line":17,"column":4},"end":{"line":17,"column":29}},"13":{"start":{"line":18,"column":4},"end":{"line":18,"column":39}},"14":{"start":{"line":19,"column":4},"end":{"line":19,"column":39}},"15":{"start":{"line":20,"column":4},"end":{"line":20,"column":43}},"16":{"start":{"line":23,"column":4},"end":{"line":47,"column":5}},"17":{"start":{"line":24,"column":8},"end":{"line":26,"column":9}},"18":{"start":{"line":25,"column":12},"end":{"line":25,"column":47}},"19":{"start":{"line":27,"column":8},"end":{"line":29,"column":9}},"20":{"start":{"line":28,"column":12},"end":{"line":28,"column":45}},"21":{"start":{"line":30,"column":8},"end":{"line":32,"column":9}},"22":{"start":{"line":31,"column":12},"end":{"line":31,"column":49}},"23":{"start":{"line":33,"column":8},"end":{"line":35,"column":9}},"24":{"start":{"line":34,"column":12},"end":{"line":34,"column":36}},"25":{"start":{"line":36,"column":8},"end":{"line":38,"column":9}},"26":{"start":{"line":37,"column":12},"end":{"line":37,"column":42}},"27":{"start":{"line":39,"column":8},"end":{"line":41,"column":9}},"28":{"start":{"line":40,"column":12},"end":{"line":40,"column":41}},"29":{"start":{"line":44,"column":8},"end":{"line":44,"column":41}},"30":{"start":{"line":45,"column":8},"end":{"line":45,"column":38}},"31":{"start":{"line":46,"column":8},"end":{"line":46,"column":39}},"32":{"start":{"line":50,"column":4},"end":{"line":50,"column":30}},"33":{"start":{"line":53,"column":4},"end":{"line":59,"column":6}},"34":{"start":{"line":60,"column":4},"end":{"line":60,"column":47}},"35":{"start":{"line":63,"column":0},"end":{"line":63,"column":24}}},"branchMap":{"1":{"line":24,"type":"if","locations":[{"start":{"line":24,"column":8},"end":{"line":24,"column":8}},{"start":{"line":24,"column":8},"end":{"line":24,"column":8}}]},"2":{"line":24,"type":"binary-expr","locations":[{"start":{"line":24,"column":14},"end":{"line":24,"column":30}},{"start":{"line":24,"column":34},"end":{"line":24,"column":51}}]},"3":{"line":27,"type":"if","locations":[{"start":{"line":27,"column":8},"end":{"line":27,"column":8}},{"start":{"line":27,"column":8},"end":{"line":27,"column":8}}]},"4":{"line":30,"type":"if","locations":[{"start":{"line":30,"column":8},"end":{"line":30,"column":8}},{"start":{"line":30,"column":8},"end":{"line":30,"column":8}}]},"5":{"line":30,"type":"binary-expr","locations":[{"start":{"line":30,"column":14},"end":{"line":30,"column":29}},{"start":{"line":30,"column":33},"end":{"line":30,"column":49}}]},"6":{"line":33,"type":"if","locations":[{"start":{"line":33,"column":8},"end":{"line":33,"column":8}},{"start":{"line":33,"column":8},"end":{"line":33,"column":8}}]},"7":{"line":36,"type":"if","locations":[{"start":{"line":36,"column":8},"end":{"line":36,"column":8}},{"start":{"line":36,"column":8},"end":{"line":36,"column":8}}]},"8":{"line":39,"type":"if","locations":[{"start":{"line":39,"column":8},"end":{"line":39,"column":8}},{"start":{"line":39,"column":8},"end":{"line":39,"column":8}}]}}},"E:\\PracticeMakesPerfect\\expressMongo\\controllers\\usersCtrl.js":{"path":"E:\\PracticeMakesPerfect\\expressMongo\\controllers\\usersCtrl.js","s":{"1":1,"2":1,"3":1,"4":1,"5":1,"6":1,"7":0,"8":0,"9":0,"10":0,"11":0,"12":0,"13":0,"14":0,"15":0,"16":0,"17":0,"18":0,"19":0,"20":1,"21":0,"22":0,"23":0,"24":0,"25":0,"26":0,"27":0,"28":0,"29":0,"30":0,"31":0},"b":{"1":[0,0],"2":[0,0],"3":[0,0],"4":[0,0]},"f":{"1":0,"2":0,"3":0,"4":0},"fnMap":{"1":{"name":"(anonymous_1)","line":7,"loc":{"start":{"line":7,"column":17},"end":{"line":7,"column":52}}},"2":{"name":"(anonymous_2)","line":8,"loc":{"start":{"line":8,"column":56},"end":{"line":8,"column":76}}},"3":{"name":"(anonymous_3)","line":30,"loc":{"start":{"line":30,"column":17},"end":{"line":30,"column":52}}},"4":{"name":"(anonymous_4)","line":34,"loc":{"start":{"line":34,"column":14},"end":{"line":34,"column":36}}}},"statementMap":{"1":{"start":{"line":1,"column":0},"end":{"line":1,"column":35}},"2":{"start":{"line":2,"column":0},"end":{"line":2,"column":49}},"3":{"start":{"line":3,"column":0},"end":{"line":3,"column":27}},"4":{"start":{"line":4,"column":0},"end":{"line":4,"column":27}},"5":{"start":{"line":5,"column":0},"end":{"line":5,"column":23}},"6":{"start":{"line":7,"column":0},"end":{"line":28,"column":1}},"7":{"start":{"line":8,"column":4},"end":{"line":27,"column":6}},"8":{"start":{"line":9,"column":8},"end":{"line":11,"column":9}},"9":{"start":{"line":10,"column":12},"end":{"line":10,"column":29}},"10":{"start":{"line":12,"column":8},"end":{"line":15,"column":9}},"11":{"start":{"line":13,"column":12},"end":{"line":13,"column":40}},"12":{"start":{"line":14,"column":12},"end":{"line":14,"column":40}},"13":{"start":{"line":17,"column":8},"end":{"line":20,"column":9}},"14":{"start":{"line":18,"column":12},"end":{"line":18,"column":43}},"15":{"start":{"line":19,"column":12},"end":{"line":19,"column":40}},"16":{"start":{"line":21,"column":8},"end":{"line":21,"column":37}},"17":{"start":{"line":23,"column":8},"end":{"line":23,"column":29}},"18":{"start":{"line":24,"column":8},"end":{"line":24,"column":32}},"19":{"start":{"line":26,"column":8},"end":{"line":26,"column":34}},"20":{"start":{"line":30,"column":0},"end":{"line":53,"column":1}},"21":{"start":{"line":32,"column":4},"end":{"line":32,"column":36}},"22":{"start":{"line":34,"column":4},"end":{"line":52,"column":7}},"23":{"start":{"line":35,"column":8},"end":{"line":51,"column":9}},"24":{"start":{"line":37,"column":12},"end":{"line":37,"column":45}},"25":{"start":{"line":40,"column":12},"end":{"line":40,"column":42}},"26":{"start":{"line":41,"column":12},"end":{"line":41,"column":43}},"27":{"start":{"line":43,"column":12},"end":{"line":43,"column":19}},"28":{"start":{"line":45,"column":12},"end":{"line":45,"column":31}},"29":{"start":{"line":46,"column":12},"end":{"line":46,"column":38}},"30":{"start":{"line":48,"column":12},"end":{"line":48,"column":41}},"31":{"start":{"line":50,"column":12},"end":{"line":50,"column":38}}},"branchMap":{"1":{"line":9,"type":"if","locations":[{"start":{"line":9,"column":8},"end":{"line":9,"column":8}},{"start":{"line":9,"column":8},"end":{"line":9,"column":8}}]},"2":{"line":12,"type":"if","locations":[{"start":{"line":12,"column":8},"end":{"line":12,"column":8}},{"start":{"line":12,"column":8},"end":{"line":12,"column":8}}]},"3":{"line":17,"type":"if","locations":[{"start":{"line":17,"column":8},"end":{"line":17,"column":8}},{"start":{"line":17,"column":8},"end":{"line":17,"column":8}}]},"4":{"line":35,"type":"if","locations":[{"start":{"line":35,"column":8},"end":{"line":35,"column":8}},{"start":{"line":35,"column":8},"end":{"line":35,"column":8}}]}}},"E:\\PracticeMakesPerfect\\expressMongo\\models\\usersModel.js":{"path":"E:\\PracticeMakesPerfect\\expressMongo\\models\\usersModel.js","s":{"1":1,"2":1,"3":1,"4":1},"b":{},"f":{},"fnMap":{},"statementMap":{"1":{"start":{"line":1,"column":0},"end":{"line":1,"column":35}},"2":{"start":{"line":2,"column":0},"end":{"line":2,"column":52}},"3":{"start":{"line":5,"column":0},"end":{"line":5,"column":53}},"4":{"start":{"line":7,"column":0},"end":{"line":7,"column":28}}},"branchMap":{}},"E:\\PracticeMakesPerfect\\expressMongo\\schemas\\usersSchema.js":{"path":"E:\\PracticeMakesPerfect\\expressMongo\\schemas\\usersSchema.js","s":{"1":1,"2":1,"3":1,"4":0,"5":0,"6":1,"7":0,"8":1},"b":{},"f":{"1":0,"2":0},"fnMap":{"1":{"name":"(anonymous_1)","line":11,"loc":{"start":{"line":11,"column":27},"end":{"line":11,"column":42}}},"2":{"name":"(anonymous_2)","line":17,"loc":{"start":{"line":17,"column":15},"end":{"line":17,"column":25}}}},"statementMap":{"1":{"start":{"line":1,"column":0},"end":{"line":1,"column":35}},"2":{"start":{"line":3,"column":0},"end":{"line":9,"column":3}},"3":{"start":{"line":11,"column":0},"end":{"line":14,"column":3}},"4":{"start":{"line":12,"column":4},"end":{"line":12,"column":28}},"5":{"start":{"line":13,"column":4},"end":{"line":13,"column":10}},"6":{"start":{"line":16,"column":0},"end":{"line":20,"column":1}},"7":{"start":{"line":18,"column":2},"end":{"line":18,"column":36}},"8":{"start":{"line":22,"column":0},"end":{"line":22,"column":29}}},"branchMap":{}},"E:\\PracticeMakesPerfect\\expressMongo\\middlewares\\check.js":{"path":"E:\\PracticeMakesPerfect\\expressMongo\\middlewares\\check.js","s":{"1":1,"2":0,"3":0,"4":0,"5":0,"6":0,"7":0,"8":0,"9":0},"b":{"1":[0,0],"2":[0,0]},"f":{"1":0,"2":0},"fnMap":{"1":{"name":"checkLogin","line":2,"loc":{"start":{"line":2,"column":16},"end":{"line":2,"column":52}}},"2":{"name":"checkNotLogin","line":10,"loc":{"start":{"line":10,"column":19},"end":{"line":10,"column":58}}}},"statementMap":{"1":{"start":{"line":1,"column":0},"end":{"line":17,"column":1}},"2":{"start":{"line":3,"column":8},"end":{"line":6,"column":9}},"3":{"start":{"line":4,"column":12},"end":{"line":4,"column":38}},"4":{"start":{"line":5,"column":12},"end":{"line":5,"column":43}},"5":{"start":{"line":7,"column":8},"end":{"line":7,"column":15}},"6":{"start":{"line":11,"column":8},"end":{"line":14,"column":9}},"7":{"start":{"line":12,"column":12},"end":{"line":12,"column":38}},"8":{"start":{"line":13,"column":12},"end":{"line":13,"column":40}},"9":{"start":{"line":15,"column":8},"end":{"line":15,"column":15}}},"branchMap":{"1":{"line":3,"type":"if","locations":[{"start":{"line":3,"column":8},"end":{"line":3,"column":8}},{"start":{"line":3,"column":8},"end":{"line":3,"column":8}}]},"2":{"line":11,"type":"if","locations":[{"start":{"line":11,"column":8},"end":{"line":11,"column":8}},{"start":{"line":11,"column":8},"end":{"line":11,"column":8}}]}}},"E:\\PracticeMakesPerfect\\expressMongo\\routes\\signinRoute.js":{"path":"E:\\PracticeMakesPerfect\\expressMongo\\routes\\signinRoute.js","s":{"1":1,"2":1,"3":1,"4":1,"5":1,"6":0,"7":1,"8":0,"9":0,"10":0,"11":1},"b":{},"f":{"1":0,"2":0},"fnMap":{"1":{"name":"(anonymous_1)","line":7,"loc":{"start":{"line":7,"column":31},"end":{"line":7,"column":56}}},"2":{"name":"(anonymous_2)","line":12,"loc":{"start":{"line":12,"column":32},"end":{"line":12,"column":57}}}},"statementMap":{"1":{"start":{"line":1,"column":0},"end":{"line":1,"column":33}},"2":{"start":{"line":2,"column":0},"end":{"line":2,"column":30}},"3":{"start":{"line":3,"column":0},"end":{"line":3,"column":51}},"4":{"start":{"line":4,"column":0},"end":{"line":4,"column":66}},"5":{"start":{"line":7,"column":0},"end":{"line":9,"column":3}},"6":{"start":{"line":8,"column":4},"end":{"line":8,"column":25}},"7":{"start":{"line":12,"column":0},"end":{"line":16,"column":3}},"8":{"start":{"line":13,"column":4},"end":{"line":13,"column":31}},"9":{"start":{"line":14,"column":4},"end":{"line":14,"column":39}},"10":{"start":{"line":15,"column":4},"end":{"line":15,"column":52}},"11":{"start":{"line":18,"column":0},"end":{"line":18,"column":24}}},"branchMap":{}},"E:\\PracticeMakesPerfect\\expressMongo\\routes\\signoutRoute.js":{"path":"E:\\PracticeMakesPerfect\\expressMongo\\routes\\signoutRoute.js","s":{"1":1,"2":1,"3":1,"4":1,"5":0,"6":0,"7":0,"8":1},"b":{},"f":{"1":0},"fnMap":{"1":{"name":"(anonymous_1)","line":7,"loc":{"start":{"line":7,"column":28},"end":{"line":7,"column":53}}}},"statementMap":{"1":{"start":{"line":1,"column":0},"end":{"line":1,"column":33}},"2":{"start":{"line":2,"column":0},"end":{"line":2,"column":30}},"3":{"start":{"line":4,"column":0},"end":{"line":4,"column":60}},"4":{"start":{"line":7,"column":0},"end":{"line":13,"column":3}},"5":{"start":{"line":9,"column":4},"end":{"line":9,"column":28}},"6":{"start":{"line":10,"column":4},"end":{"line":10,"column":33}},"7":{"start":{"line":12,"column":4},"end":{"line":12,"column":30}},"8":{"start":{"line":15,"column":0},"end":{"line":15,"column":24}}},"branchMap":{}},"E:\\PracticeMakesPerfect\\expressMongo\\routes\\articleRoute.js":{"path":"E:\\PracticeMakesPerfect\\expressMongo\\routes\\articleRoute.js","s":{"1":1,"2":1,"3":1,"4":1,"5":1,"6":0,"7":0,"8":0,"9":1,"10":0,"11":0,"12":0,"13":0,"14":0,"15":0,"16":0,"17":0,"18":0,"19":0,"20":0,"21":0,"22":1,"23":0,"24":1,"25":0,"26":0,"27":0,"28":0,"29":0,"30":0,"31":1,"32":0,"33":0,"34":0,"35":0,"36":0,"37":0,"38":0,"39":0,"40":1,"41":0,"42":0,"43":0,"44":0,"45":0,"46":0,"47":0,"48":1,"49":0,"50":0,"51":0,"52":0,"53":0,"54":1,"55":0,"56":1,"57":0,"58":1},"b":{"1":[0,0],"2":[0,0],"3":[0,0],"4":[0,0],"5":[0,0]},"f":{"1":0,"2":0,"3":0,"4":0,"5":0,"6":0,"7":0,"8":0,"9":0,"10":0,"11":0,"12":0,"13":0,"14":0},"fnMap":{"1":{"name":"(anonymous_1)","line":8,"loc":{"start":{"line":8,"column":16},"end":{"line":8,"column":41}}},"2":{"name":"(anonymous_2)","line":11,"loc":{"start":{"line":11,"column":14},"end":{"line":11,"column":33}}},"3":{"name":"(anonymous_3)","line":20,"loc":{"start":{"line":20,"column":29},"end":{"line":20,"column":54}}},"4":{"name":"(anonymous_4)","line":49,"loc":{"start":{"line":49,"column":34},"end":{"line":49,"column":59}}},"5":{"name":"(anonymous_5)","line":54,"loc":{"start":{"line":54,"column":26},"end":{"line":54,"column":51}}},"6":{"name":"(anonymous_6)","line":60,"loc":{"start":{"line":60,"column":14},"end":{"line":60,"column":31}}},"7":{"name":"(anonymous_7)","line":74,"loc":{"start":{"line":74,"column":43},"end":{"line":74,"column":68}}},"8":{"name":"(anonymous_8)","line":79,"loc":{"start":{"line":79,"column":14},"end":{"line":79,"column":32}}},"9":{"name":"(anonymous_9)","line":94,"loc":{"start":{"line":94,"column":44},"end":{"line":94,"column":69}}},"10":{"name":"(anonymous_10)","line":101,"loc":{"start":{"line":101,"column":14},"end":{"line":101,"column":25}}},"11":{"name":"(anonymous_11)","line":110,"loc":{"start":{"line":110,"column":45},"end":{"line":110,"column":70}}},"12":{"name":"(anonymous_12)","line":114,"loc":{"start":{"line":114,"column":14},"end":{"line":114,"column":25}}},"13":{"name":"(anonymous_13)","line":123,"loc":{"start":{"line":123,"column":47},"end":{"line":123,"column":72}}},"14":{"name":"(anonymous_14)","line":128,"loc":{"start":{"line":128,"column":64},"end":{"line":128,"column":89}}}},"statementMap":{"1":{"start":{"line":1,"column":0},"end":{"line":1,"column":33}},"2":{"start":{"line":2,"column":0},"end":{"line":2,"column":30}},"3":{"start":{"line":3,"column":0},"end":{"line":3,"column":56}},"4":{"start":{"line":4,"column":0},"end":{"line":4,"column":60}},"5":{"start":{"line":8,"column":0},"end":{"line":17,"column":3}},"6":{"start":{"line":9,"column":4},"end":{"line":9,"column":34}},"7":{"start":{"line":10,"column":4},"end":{"line":16,"column":21}},"8":{"start":{"line":12,"column":12},"end":{"line":14,"column":15}},"9":{"start":{"line":20,"column":0},"end":{"line":46,"column":3}},"10":{"start":{"line":21,"column":4},"end":{"line":21,"column":38}},"11":{"start":{"line":22,"column":4},"end":{"line":22,"column":33}},"12":{"start":{"line":23,"column":4},"end":{"line":23,"column":37}},"13":{"start":{"line":26,"column":4},"end":{"line":36,"column":5}},"14":{"start":{"line":27,"column":8},"end":{"line":29,"column":9}},"15":{"start":{"line":28,"column":12},"end":{"line":28,"column":37}},"16":{"start":{"line":30,"column":8},"end":{"line":32,"column":9}},"17":{"start":{"line":31,"column":12},"end":{"line":31,"column":37}},"18":{"start":{"line":34,"column":8},"end":{"line":34,"column":38}},"19":{"start":{"line":35,"column":8},"end":{"line":35,"column":36}},"20":{"start":{"line":38,"column":4},"end":{"line":43,"column":6}},"21":{"start":{"line":44,"column":4},"end":{"line":44,"column":40}},"22":{"start":{"line":49,"column":0},"end":{"line":51,"column":3}},"23":{"start":{"line":50,"column":4},"end":{"line":50,"column":25}},"24":{"start":{"line":54,"column":0},"end":{"line":71,"column":3}},"25":{"start":{"line":55,"column":4},"end":{"line":55,"column":41}},"26":{"start":{"line":56,"column":4},"end":{"line":70,"column":21}},"27":{"start":{"line":61,"column":12},"end":{"line":61,"column":36}},"28":{"start":{"line":62,"column":12},"end":{"line":64,"column":13}},"29":{"start":{"line":63,"column":16},"end":{"line":63,"column":42}},"30":{"start":{"line":66,"column":12},"end":{"line":68,"column":15}},"31":{"start":{"line":74,"column":0},"end":{"line":91,"column":3}},"32":{"start":{"line":75,"column":4},"end":{"line":75,"column":41}},"33":{"start":{"line":76,"column":4},"end":{"line":76,"column":38}},"34":{"start":{"line":78,"column":4},"end":{"line":90,"column":21}},"35":{"start":{"line":80,"column":12},"end":{"line":82,"column":13}},"36":{"start":{"line":81,"column":16},"end":{"line":81,"column":42}},"37":{"start":{"line":83,"column":12},"end":{"line":85,"column":13}},"38":{"start":{"line":84,"column":16},"end":{"line":84,"column":40}},"39":{"start":{"line":86,"column":12},"end":{"line":88,"column":15}},"40":{"start":{"line":94,"column":0},"end":{"line":107,"column":3}},"41":{"start":{"line":95,"column":4},"end":{"line":95,"column":41}},"42":{"start":{"line":96,"column":4},"end":{"line":96,"column":38}},"43":{"start":{"line":97,"column":4},"end":{"line":97,"column":33}},"44":{"start":{"line":98,"column":4},"end":{"line":98,"column":37}},"45":{"start":{"line":100,"column":4},"end":{"line":106,"column":21}},"46":{"start":{"line":102,"column":12},"end":{"line":102,"column":43}},"47":{"start":{"line":104,"column":12},"end":{"line":104,"column":51}},"48":{"start":{"line":110,"column":0},"end":{"line":120,"column":3}},"49":{"start":{"line":111,"column":4},"end":{"line":111,"column":41}},"50":{"start":{"line":112,"column":4},"end":{"line":112,"column":38}},"51":{"start":{"line":113,"column":4},"end":{"line":119,"column":21}},"52":{"start":{"line":115,"column":12},"end":{"line":115,"column":43}},"53":{"start":{"line":117,"column":12},"end":{"line":117,"column":38}},"54":{"start":{"line":123,"column":0},"end":{"line":125,"column":3}},"55":{"start":{"line":124,"column":4},"end":{"line":124,"column":26}},"56":{"start":{"line":128,"column":0},"end":{"line":130,"column":3}},"57":{"start":{"line":129,"column":4},"end":{"line":129,"column":26}},"58":{"start":{"line":132,"column":0},"end":{"line":132,"column":24}}},"branchMap":{"1":{"line":27,"type":"if","locations":[{"start":{"line":27,"column":8},"end":{"line":27,"column":8}},{"start":{"line":27,"column":8},"end":{"line":27,"column":8}}]},"2":{"line":30,"type":"if","locations":[{"start":{"line":30,"column":8},"end":{"line":30,"column":8}},{"start":{"line":30,"column":8},"end":{"line":30,"column":8}}]},"3":{"line":62,"type":"if","locations":[{"start":{"line":62,"column":12},"end":{"line":62,"column":12}},{"start":{"line":62,"column":12},"end":{"line":62,"column":12}}]},"4":{"line":80,"type":"if","locations":[{"start":{"line":80,"column":12},"end":{"line":80,"column":12}},{"start":{"line":80,"column":12},"end":{"line":80,"column":12}}]},"5":{"line":83,"type":"if","locations":[{"start":{"line":83,"column":12},"end":{"line":83,"column":12}},{"start":{"line":83,"column":12},"end":{"line":83,"column":12}}]}}},"E:\\PracticeMakesPerfect\\expressMongo\\controllers\\articleCtrl.js":{"path":"E:\\PracticeMakesPerfect\\expressMongo\\controllers\\articleCtrl.js","s":{"1":1,"2":1,"3":1,"4":0,"5":0,"6":0,"7":0,"8":0,"9":0,"10":0,"11":0,"12":0,"13":0,"14":0,"15":0,"16":0,"17":0,"18":0},"b":{"1":[0,0],"2":[0,0]},"f":{"1":0,"2":0,"3":0,"4":0,"5":0,"6":0,"7":0,"8":0},"fnMap":{"1":{"name":"(anonymous_1)","line":6,"loc":{"start":{"line":6,"column":10},"end":{"line":6,"column":35}}},"2":{"name":"(anonymous_2)","line":8,"loc":{"start":{"line":8,"column":21},"end":{"line":8,"column":44}}},"3":{"name":"getArticleById","line":19,"loc":{"start":{"line":19,"column":20},"end":{"line":19,"column":55}}},"4":{"name":"getArticles","line":29,"loc":{"start":{"line":29,"column":17},"end":{"line":29,"column":46}}},"5":{"name":"incPv","line":44,"loc":{"start":{"line":44,"column":11},"end":{"line":44,"column":37}}},"6":{"name":"getRawArticleById","line":50,"loc":{"start":{"line":50,"column":23},"end":{"line":50,"column":61}}},"7":{"name":"updateArticleById","line":58,"loc":{"start":{"line":58,"column":23},"end":{"line":58,"column":75}}},"8":{"name":"delArticleById","line":63,"loc":{"start":{"line":63,"column":20},"end":{"line":63,"column":63}}}},"statementMap":{"1":{"start":{"line":1,"column":0},"end":{"line":1,"column":35}},"2":{"start":{"line":2,"column":0},"end":{"line":2,"column":53}},"3":{"start":{"line":4,"column":0},"end":{"line":66,"column":2}},"4":{"start":{"line":7,"column":8},"end":{"line":7,"column":45}},"5":{"start":{"line":8,"column":8},"end":{"line":15,"column":11}},"6":{"start":{"line":9,"column":12},"end":{"line":11,"column":13}},"7":{"start":{"line":10,"column":16},"end":{"line":10,"column":32}},"8":{"start":{"line":12,"column":12},"end":{"line":12,"column":41}},"9":{"start":{"line":14,"column":12},"end":{"line":14,"column":53}},"10":{"start":{"line":20,"column":8},"end":{"line":25,"column":20}},"11":{"start":{"line":30,"column":8},"end":{"line":30,"column":23}},"12":{"start":{"line":31,"column":8},"end":{"line":33,"column":9}},"13":{"start":{"line":32,"column":12},"end":{"line":32,"column":34}},"14":{"start":{"line":34,"column":8},"end":{"line":40,"column":20}},"15":{"start":{"line":45,"column":8},"end":{"line":47,"column":20}},"16":{"start":{"line":51,"column":8},"end":{"line":54,"column":20}},"17":{"start":{"line":59,"column":8},"end":{"line":59,"column":94}},"18":{"start":{"line":64,"column":8},"end":{"line":64,"column":78}}},"branchMap":{"1":{"line":9,"type":"if","locations":[{"start":{"line":9,"column":12},"end":{"line":9,"column":12}},{"start":{"line":9,"column":12},"end":{"line":9,"column":12}}]},"2":{"line":31,"type":"if","locations":[{"start":{"line":31,"column":8},"end":{"line":31,"column":8}},{"start":{"line":31,"column":8},"end":{"line":31,"column":8}}]}}},"E:\\PracticeMakesPerfect\\expressMongo\\models\\articleModel.js":{"path":"E:\\PracticeMakesPerfect\\expressMongo\\models\\articleModel.js","s":{"1":1,"2":1,"3":1,"4":1},"b":{},"f":{},"fnMap":{},"statementMap":{"1":{"start":{"line":1,"column":0},"end":{"line":1,"column":35}},"2":{"start":{"line":2,"column":0},"end":{"line":2,"column":56}},"3":{"start":{"line":5,"column":0},"end":{"line":5,"column":65}},"4":{"start":{"line":7,"column":0},"end":{"line":7,"column":30}}},"branchMap":{}},"E:\\PracticeMakesPerfect\\expressMongo\\schemas\\articleSchema.js":{"path":"E:\\PracticeMakesPerfect\\expressMongo\\schemas\\articleSchema.js","s":{"1":1,"2":1,"3":1,"4":1,"5":0,"6":0,"7":0,"8":0,"9":0,"10":0,"11":0,"12":1},"b":{"1":[0,0]},"f":{"1":0,"2":0,"3":0,"4":0},"fnMap":{"1":{"name":"(anonymous_1)","line":12,"loc":{"start":{"line":12,"column":18},"end":{"line":12,"column":29}}},"2":{"name":"(anonymous_2)","line":15,"loc":{"start":{"line":15,"column":15},"end":{"line":15,"column":34}}},"3":{"name":"(anonymous_3)","line":16,"loc":{"start":{"line":16,"column":28},"end":{"line":16,"column":46}}},"4":{"name":"(anonymous_4)","line":21,"loc":{"start":{"line":21,"column":18},"end":{"line":21,"column":36}}}},"statementMap":{"1":{"start":{"line":1,"column":0},"end":{"line":1,"column":35}},"2":{"start":{"line":2,"column":0},"end":{"line":2,"column":31}},"3":{"start":{"line":4,"column":0},"end":{"line":9,"column":3}},"4":{"start":{"line":11,"column":0},"end":{"line":27,"column":1}},"5":{"start":{"line":13,"column":8},"end":{"line":13,"column":42}},"6":{"start":{"line":16,"column":8},"end":{"line":19,"column":11}},"7":{"start":{"line":17,"column":12},"end":{"line":17,"column":54}},"8":{"start":{"line":18,"column":12},"end":{"line":18,"column":27}},"9":{"start":{"line":22,"column":8},"end":{"line":24,"column":9}},"10":{"start":{"line":23,"column":12},"end":{"line":23,"column":54}},"11":{"start":{"line":25,"column":8},"end":{"line":25,"column":23}},"12":{"start":{"line":29,"column":0},"end":{"line":29,"column":31}}},"branchMap":{"1":{"line":22,"type":"if","locations":[{"start":{"line":22,"column":8},"end":{"line":22,"column":8}},{"start":{"line":22,"column":8},"end":{"line":22,"column":8}}]}}}}